This file contains any messages produced by compilers while
running configure, to aid debugging if configure makes a mistake.

It was created by stage configure 2.0.0a-amr12, which was
generated by GNU Autoconf 2.69.  Invocation command line was

  $ ./configure --disable-shared --enable-static --disable-fiducial-model --disable-blobfinder-model --disable-gripper-model --disable-save-world --disable-grid-labels --disable-reload-world --enable-debug --enable-optimize=2

## --------- ##
## Platform. ##
## --------- ##

hostname = robotic1
uname -m = x86_64
uname -r = 4.15.0-36-generic
uname -s = Linux
uname -v = #39~16.04.1-Ubuntu SMP Tue Sep 25 08:59:23 UTC 2018

/usr/bin/uname -p = unknown
/bin/uname -X     = unknown

/bin/arch              = unknown
/usr/bin/arch -k       = unknown
/usr/convex/getsysinfo = unknown
/usr/bin/hostinfo      = unknown
/bin/machine           = unknown
/usr/bin/oslevel       = unknown
/bin/universe          = unknown

PATH: /home/robots/bin
PATH: /home/robots/.local/bin
PATH: /usr/local/sbin
PATH: /usr/local/bin
PATH: /usr/sbin
PATH: /usr/bin
PATH: /sbin
PATH: /bin
PATH: /usr/games
PATH: /usr/local/games
PATH: /snap/bin


## ----------- ##
## Core tests. ##
## ----------- ##

configure:2395: checking build system type
configure:2409: result: x86_64-pc-linux-gnu
configure:2429: checking host system type
configure:2442: result: x86_64-pc-linux-gnu
configure:2462: checking target system type
configure:2475: result: x86_64-pc-linux-gnu
configure:2519: checking for a BSD-compatible install
configure:2587: result: /usr/bin/install -c
configure:2598: checking whether build environment is sane
configure:2653: result: yes
configure:2804: checking for a thread-safe mkdir -p
configure:2843: result: /bin/mkdir -p
configure:2850: checking for gawk
configure:2880: result: no
configure:2850: checking for mawk
configure:2866: found /usr/bin/mawk
configure:2877: result: mawk
configure:2888: checking whether make sets $(MAKE)
configure:2910: result: yes
configure:2939: checking whether make supports nested variables
configure:2956: result: yes
configure:3084: checking whether make sets $(MAKE)
configure:3106: result: yes
configure:3168: checking for gcc
configure:3184: found /usr/bin/gcc
configure:3195: result: gcc
configure:3424: checking for C compiler version
configure:3433: gcc --version >&5
gcc (Ubuntu 5.4.0-6ubuntu1~16.04.10) 5.4.0 20160609
Copyright (C) 2015 Free Software Foundation, Inc.
This is free software; see the source for copying conditions.  There is NO
warranty; not even for MERCHANTABILITY or FITNESS FOR A PARTICULAR PURPOSE.

configure:3444: $? = 0
configure:3433: gcc -v >&5
Using built-in specs.
COLLECT_GCC=gcc
COLLECT_LTO_WRAPPER=/usr/lib/gcc/x86_64-linux-gnu/5/lto-wrapper
Target: x86_64-linux-gnu
Configured with: ../src/configure -v --with-pkgversion='Ubuntu 5.4.0-6ubuntu1~16.04.10' --with-bugurl=file:///usr/share/doc/gcc-5/README.Bugs --enable-languages=c,ada,c++,java,go,d,fortran,objc,obj-c++ --prefix=/usr --program-suffix=-5 --enable-shared --enable-linker-build-id --libexecdir=/usr/lib --without-included-gettext --enable-threads=posix --libdir=/usr/lib --enable-nls --with-sysroot=/ --enable-clocale=gnu --enable-libstdcxx-debug --enable-libstdcxx-time=yes --with-default-libstdcxx-abi=new --enable-gnu-unique-object --disable-vtable-verify --enable-libmpx --enable-plugin --with-system-zlib --disable-browser-plugin --enable-java-awt=gtk --enable-gtk-cairo --with-java-home=/usr/lib/jvm/java-1.5.0-gcj-5-amd64/jre --enable-java-home --with-jvm-root-dir=/usr/lib/jvm/java-1.5.0-gcj-5-amd64 --with-jvm-jar-dir=/usr/lib/jvm-exports/java-1.5.0-gcj-5-amd64 --with-arch-directory=amd64 --with-ecj-jar=/usr/share/java/eclipse-ecj.jar --enable-objc-gc --enable-multiarch --disable-werror --with-arch-32=i686 --with-abi=m64 --with-multilib-list=m32,m64,mx32 --enable-multilib --with-tune=generic --enable-checking=release --build=x86_64-linux-gnu --host=x86_64-linux-gnu --target=x86_64-linux-gnu
Thread model: posix
gcc version 5.4.0 20160609 (Ubuntu 5.4.0-6ubuntu1~16.04.10) 
configure:3444: $? = 0
configure:3433: gcc -V >&5
gcc: error: unrecognized command line option '-V'
gcc: fatal error: no input files
compilation terminated.
configure:3444: $? = 1
configure:3433: gcc -qversion >&5
gcc: error: unrecognized command line option '-qversion'
gcc: fatal error: no input files
compilation terminated.
configure:3444: $? = 1
configure:3464: checking whether the C compiler works
configure:3486: gcc    conftest.c  >&5
configure:3490: $? = 0
configure:3538: result: yes
configure:3541: checking for C compiler default output file name
configure:3543: result: a.out
configure:3549: checking for suffix of executables
configure:3556: gcc -o conftest    conftest.c  >&5
configure:3560: $? = 0
configure:3582: result: 
configure:3604: checking whether we are cross compiling
configure:3612: gcc -o conftest    conftest.c  >&5
configure:3616: $? = 0
configure:3623: ./conftest
configure:3627: $? = 0
configure:3642: result: no
configure:3647: checking for suffix of object files
configure:3669: gcc -c   conftest.c >&5
configure:3673: $? = 0
configure:3694: result: o
configure:3698: checking whether we are using the GNU C compiler
configure:3717: gcc -c   conftest.c >&5
configure:3717: $? = 0
configure:3726: result: yes
configure:3735: checking whether gcc accepts -g
configure:3755: gcc -c -g  conftest.c >&5
configure:3755: $? = 0
configure:3796: result: yes
configure:3813: checking for gcc option to accept ISO C89
configure:3876: gcc  -c -g -O2  conftest.c >&5
configure:3876: $? = 0
configure:3889: result: none needed
configure:3914: checking whether gcc understands -c and -o together
configure:3936: gcc -c conftest.c -o conftest2.o
configure:3939: $? = 0
configure:3936: gcc -c conftest.c -o conftest2.o
configure:3939: $? = 0
configure:3951: result: yes
configure:3979: checking for style of include used by make
configure:4007: result: GNU
configure:4033: checking dependency style of gcc
configure:4144: result: gcc3
configure:4217: checking for g++
configure:4233: found /usr/bin/g++
configure:4244: result: g++
configure:4271: checking for C++ compiler version
configure:4280: g++ --version >&5
g++ (Ubuntu 5.4.0-6ubuntu1~16.04.10) 5.4.0 20160609
Copyright (C) 2015 Free Software Foundation, Inc.
This is free software; see the source for copying conditions.  There is NO
warranty; not even for MERCHANTABILITY or FITNESS FOR A PARTICULAR PURPOSE.

configure:4291: $? = 0
configure:4280: g++ -v >&5
Using built-in specs.
COLLECT_GCC=g++
COLLECT_LTO_WRAPPER=/usr/lib/gcc/x86_64-linux-gnu/5/lto-wrapper
Target: x86_64-linux-gnu
Configured with: ../src/configure -v --with-pkgversion='Ubuntu 5.4.0-6ubuntu1~16.04.10' --with-bugurl=file:///usr/share/doc/gcc-5/README.Bugs --enable-languages=c,ada,c++,java,go,d,fortran,objc,obj-c++ --prefix=/usr --program-suffix=-5 --enable-shared --enable-linker-build-id --libexecdir=/usr/lib --without-included-gettext --enable-threads=posix --libdir=/usr/lib --enable-nls --with-sysroot=/ --enable-clocale=gnu --enable-libstdcxx-debug --enable-libstdcxx-time=yes --with-default-libstdcxx-abi=new --enable-gnu-unique-object --disable-vtable-verify --enable-libmpx --enable-plugin --with-system-zlib --disable-browser-plugin --enable-java-awt=gtk --enable-gtk-cairo --with-java-home=/usr/lib/jvm/java-1.5.0-gcj-5-amd64/jre --enable-java-home --with-jvm-root-dir=/usr/lib/jvm/java-1.5.0-gcj-5-amd64 --with-jvm-jar-dir=/usr/lib/jvm-exports/java-1.5.0-gcj-5-amd64 --with-arch-directory=amd64 --with-ecj-jar=/usr/share/java/eclipse-ecj.jar --enable-objc-gc --enable-multiarch --disable-werror --with-arch-32=i686 --with-abi=m64 --with-multilib-list=m32,m64,mx32 --enable-multilib --with-tune=generic --enable-checking=release --build=x86_64-linux-gnu --host=x86_64-linux-gnu --target=x86_64-linux-gnu
Thread model: posix
gcc version 5.4.0 20160609 (Ubuntu 5.4.0-6ubuntu1~16.04.10) 
configure:4291: $? = 0
configure:4280: g++ -V >&5
g++: error: unrecognized command line option '-V'
g++: fatal error: no input files
compilation terminated.
configure:4291: $? = 1
configure:4280: g++ -qversion >&5
g++: error: unrecognized command line option '-qversion'
g++: fatal error: no input files
compilation terminated.
configure:4291: $? = 1
configure:4295: checking whether we are using the GNU C++ compiler
configure:4314: g++ -c   conftest.cpp >&5
configure:4314: $? = 0
configure:4323: result: yes
configure:4332: checking whether g++ accepts -g
configure:4352: g++ -c -g  conftest.cpp >&5
configure:4352: $? = 0
configure:4393: result: yes
configure:4418: checking dependency style of g++
configure:4529: result: gcc3
configure:4588: checking for ranlib
configure:4604: found /usr/bin/ranlib
configure:4615: result: ranlib
configure:4662: checking how to run the C preprocessor
configure:4693: gcc -E  -I/usr/local/include conftest.c
configure:4693: $? = 0
configure:4707: gcc -E  -I/usr/local/include conftest.c
conftest.c:11:28: fatal error: ac_nonexistent.h: No such file or directory
compilation terminated.
configure:4707: $? = 1
configure: failed program was:
| /* confdefs.h */
| #define PACKAGE_NAME "stage"
| #define PACKAGE_TARNAME "stage"
| #define PACKAGE_VERSION "2.0.0a-amr12"
| #define PACKAGE_STRING "stage 2.0.0a-amr12"
| #define PACKAGE_BUGREPORT ""
| #define PACKAGE_URL ""
| #define PACKAGE "stage"
| #define VERSION "2.0.0a-amr10"
| /* end confdefs.h.  */
| #include <ac_nonexistent.h>
configure:4732: result: gcc -E
configure:4752: gcc -E  -I/usr/local/include conftest.c
configure:4752: $? = 0
configure:4766: gcc -E  -I/usr/local/include conftest.c
conftest.c:11:28: fatal error: ac_nonexistent.h: No such file or directory
compilation terminated.
configure:4766: $? = 1
configure: failed program was:
| /* confdefs.h */
| #define PACKAGE_NAME "stage"
| #define PACKAGE_TARNAME "stage"
| #define PACKAGE_VERSION "2.0.0a-amr12"
| #define PACKAGE_STRING "stage 2.0.0a-amr12"
| #define PACKAGE_BUGREPORT ""
| #define PACKAGE_URL ""
| #define PACKAGE "stage"
| #define VERSION "2.0.0a-amr10"
| /* end confdefs.h.  */
| #include <ac_nonexistent.h>
configure:4795: checking for grep that handles long lines and -e
configure:4853: result: /bin/grep
configure:4858: checking for egrep
configure:4920: result: /bin/grep -E
configure:4925: checking for ANSI C header files
configure:4945: gcc -c -g -O2  -I/usr/local/include conftest.c >&5
configure:4945: $? = 0
configure:5018: gcc -o conftest -g -O2  -I/usr/local/include  -L/usr/local/lib conftest.c  >&5
configure:5018: $? = 0
configure:5018: ./conftest
configure:5018: $? = 0
configure:5029: result: yes
configure:5042: checking for sys/types.h
configure:5042: gcc -c -g -O2  -I/usr/local/include conftest.c >&5
configure:5042: $? = 0
configure:5042: result: yes
configure:5042: checking for sys/stat.h
configure:5042: gcc -c -g -O2  -I/usr/local/include conftest.c >&5
configure:5042: $? = 0
configure:5042: result: yes
configure:5042: checking for stdlib.h
configure:5042: gcc -c -g -O2  -I/usr/local/include conftest.c >&5
configure:5042: $? = 0
configure:5042: result: yes
configure:5042: checking for string.h
configure:5042: gcc -c -g -O2  -I/usr/local/include conftest.c >&5
configure:5042: $? = 0
configure:5042: result: yes
configure:5042: checking for memory.h
configure:5042: gcc -c -g -O2  -I/usr/local/include conftest.c >&5
configure:5042: $? = 0
configure:5042: result: yes
configure:5042: checking for strings.h
configure:5042: gcc -c -g -O2  -I/usr/local/include conftest.c >&5
configure:5042: $? = 0
configure:5042: result: yes
configure:5042: checking for inttypes.h
configure:5042: gcc -c -g -O2  -I/usr/local/include conftest.c >&5
configure:5042: $? = 0
configure:5042: result: yes
configure:5042: checking for stdint.h
configure:5042: gcc -c -g -O2  -I/usr/local/include conftest.c >&5
configure:5042: $? = 0
configure:5042: result: yes
configure:5042: checking for unistd.h
configure:5042: gcc -c -g -O2  -I/usr/local/include conftest.c >&5
configure:5042: $? = 0
configure:5042: result: yes
configure:5057: checking for stdint.h
configure:5057: result: yes
configure:5057: checking for strings.h
configure:5057: result: yes
configure:5057: checking sys/time.h usability
configure:5057: gcc -c -g -O2  -I/usr/local/include conftest.c >&5
configure:5057: $? = 0
configure:5057: result: yes
configure:5057: checking sys/time.h presence
configure:5057: gcc -E  -I/usr/local/include conftest.c
configure:5057: $? = 0
configure:5057: result: yes
configure:5057: checking for sys/time.h
configure:5057: result: yes
configure:5057: checking sys/timeb.h usability
configure:5057: gcc -c -g -O2  -I/usr/local/include conftest.c >&5
configure:5057: $? = 0
configure:5057: result: yes
configure:5057: checking sys/timeb.h presence
configure:5057: gcc -E  -I/usr/local/include conftest.c
configure:5057: $? = 0
configure:5057: result: yes
configure:5057: checking for sys/timeb.h
configure:5057: result: yes
configure:5057: checking for stdlib.h
configure:5057: result: yes
configure:5057: checking time.h usability
configure:5057: gcc -c -g -O2  -I/usr/local/include conftest.c >&5
configure:5057: $? = 0
configure:5057: result: yes
configure:5057: checking time.h presence
configure:5057: gcc -E  -I/usr/local/include conftest.c
configure:5057: $? = 0
configure:5057: result: yes
configure:5057: checking for time.h
configure:5057: result: yes
configure:5072: checking for _sleep
configure:5072: gcc -o conftest -g -O2  -I/usr/local/include  -L/usr/local/lib conftest.c  >&5
/tmp/ccqTl63L.o: In function `main':
/home/robots/Software/MobileSim-master/stage/conftest.c:61: undefined reference to `_sleep'
collect2: error: ld returned 1 exit status
configure:5072: $? = 1
configure: failed program was:
| /* confdefs.h */
| #define PACKAGE_NAME "stage"
| #define PACKAGE_TARNAME "stage"
| #define PACKAGE_VERSION "2.0.0a-amr12"
| #define PACKAGE_STRING "stage 2.0.0a-amr12"
| #define PACKAGE_BUGREPORT ""
| #define PACKAGE_URL ""
| #define PACKAGE "stage"
| #define VERSION "2.0.0a-amr10"
| #define STDC_HEADERS 1
| #define HAVE_SYS_TYPES_H 1
| #define HAVE_SYS_STAT_H 1
| #define HAVE_STDLIB_H 1
| #define HAVE_STRING_H 1
| #define HAVE_MEMORY_H 1
| #define HAVE_STRINGS_H 1
| #define HAVE_INTTYPES_H 1
| #define HAVE_STDINT_H 1
| #define HAVE_UNISTD_H 1
| #define HAVE_STDINT_H 1
| #define HAVE_STRINGS_H 1
| #define HAVE_SYS_TIME_H 1
| #define HAVE_SYS_TIMEB_H 1
| #define HAVE_STDLIB_H 1
| #define HAVE_TIME_H 1
| /* end confdefs.h.  */
| /* Define _sleep to an innocuous variant, in case <limits.h> declares _sleep.
|    For example, HP-UX 11i <limits.h> declares gettimeofday.  */
| #define _sleep innocuous__sleep
| 
| /* System header to define __stub macros and hopefully few prototypes,
|     which can conflict with char _sleep (); below.
|     Prefer <limits.h> to <assert.h> if __STDC__ is defined, since
|     <limits.h> exists even on freestanding compilers.  */
| 
| #ifdef __STDC__
| # include <limits.h>
| #else
| # include <assert.h>
| #endif
| 
| #undef _sleep
| 
| /* Override any GCC internal prototype to avoid an error.
|    Use char because int might match the return type of a GCC
|    builtin and then its argument prototype would still apply.  */
| #ifdef __cplusplus
| extern "C"
| #endif
| char _sleep ();
| /* The GNU C library defines this for functions which it implements
|     to always fail with ENOSYS.  Some functions are actually named
|     something starting with __ and the normal name is an alias.  */
| #if defined __stub__sleep || defined __stub____sleep
| choke me
| #endif
| 
| int
| main ()
| {
| return _sleep ();
|   ;
|   return 0;
| }
configure:5072: result: no
configure:5072: checking for _ftime
configure:5072: gcc -o conftest -g -O2  -I/usr/local/include  -L/usr/local/lib conftest.c  >&5
/tmp/ccnR65dP.o: In function `main':
/home/robots/Software/MobileSim-master/stage/conftest.c:61: undefined reference to `_ftime'
collect2: error: ld returned 1 exit status
configure:5072: $? = 1
configure: failed program was:
| /* confdefs.h */
| #define PACKAGE_NAME "stage"
| #define PACKAGE_TARNAME "stage"
| #define PACKAGE_VERSION "2.0.0a-amr12"
| #define PACKAGE_STRING "stage 2.0.0a-amr12"
| #define PACKAGE_BUGREPORT ""
| #define PACKAGE_URL ""
| #define PACKAGE "stage"
| #define VERSION "2.0.0a-amr10"
| #define STDC_HEADERS 1
| #define HAVE_SYS_TYPES_H 1
| #define HAVE_SYS_STAT_H 1
| #define HAVE_STDLIB_H 1
| #define HAVE_STRING_H 1
| #define HAVE_MEMORY_H 1
| #define HAVE_STRINGS_H 1
| #define HAVE_INTTYPES_H 1
| #define HAVE_STDINT_H 1
| #define HAVE_UNISTD_H 1
| #define HAVE_STDINT_H 1
| #define HAVE_STRINGS_H 1
| #define HAVE_SYS_TIME_H 1
| #define HAVE_SYS_TIMEB_H 1
| #define HAVE_STDLIB_H 1
| #define HAVE_TIME_H 1
| /* end confdefs.h.  */
| /* Define _ftime to an innocuous variant, in case <limits.h> declares _ftime.
|    For example, HP-UX 11i <limits.h> declares gettimeofday.  */
| #define _ftime innocuous__ftime
| 
| /* System header to define __stub macros and hopefully few prototypes,
|     which can conflict with char _ftime (); below.
|     Prefer <limits.h> to <assert.h> if __STDC__ is defined, since
|     <limits.h> exists even on freestanding compilers.  */
| 
| #ifdef __STDC__
| # include <limits.h>
| #else
| # include <assert.h>
| #endif
| 
| #undef _ftime
| 
| /* Override any GCC internal prototype to avoid an error.
|    Use char because int might match the return type of a GCC
|    builtin and then its argument prototype would still apply.  */
| #ifdef __cplusplus
| extern "C"
| #endif
| char _ftime ();
| /* The GNU C library defines this for functions which it implements
|     to always fail with ENOSYS.  Some functions are actually named
|     something starting with __ and the normal name is an alias.  */
| #if defined __stub__ftime || defined __stub____ftime
| choke me
| #endif
| 
| int
| main ()
| {
| return _ftime ();
|   ;
|   return 0;
| }
configure:5072: result: no
configure:5072: checking for usleep
configure:5072: gcc -o conftest -g -O2  -I/usr/local/include  -L/usr/local/lib conftest.c  >&5
configure:5072: $? = 0
configure:5072: result: yes
configure:5072: checking for gettimeofday
configure:5072: gcc -o conftest -g -O2  -I/usr/local/include  -L/usr/local/lib conftest.c  >&5
configure:5072: $? = 0
configure:5072: result: yes
configure:5072: checking for srand48
configure:5072: gcc -o conftest -g -O2  -I/usr/local/include  -L/usr/local/lib conftest.c  >&5
configure:5072: $? = 0
configure:5072: result: yes
configure:5072: checking for drand48
configure:5072: gcc -o conftest -g -O2  -I/usr/local/include  -L/usr/local/lib conftest.c  >&5
configure:5072: $? = 0
configure:5072: result: yes
configure:5072: checking for rindex
configure:5072: gcc -o conftest -g -O2  -I/usr/local/include  -L/usr/local/lib conftest.c  >&5
conftest.c:54:6: warning: conflicting types for built-in function 'rindex'
 char rindex ();
      ^
configure:5072: $? = 0
configure:5072: result: yes
configure:5082: checking for Sleep
configure:5082: gcc -o conftest -g -O2  -I/usr/local/include  -L/usr/local/lib conftest.c  >&5
/tmp/ccxz19rY.o: In function `main':
/home/robots/Software/MobileSim-master/stage/conftest.c:66: undefined reference to `Sleep'
collect2: error: ld returned 1 exit status
configure:5082: $? = 1
configure: failed program was:
| /* confdefs.h */
| #define PACKAGE_NAME "stage"
| #define PACKAGE_TARNAME "stage"
| #define PACKAGE_VERSION "2.0.0a-amr12"
| #define PACKAGE_STRING "stage 2.0.0a-amr12"
| #define PACKAGE_BUGREPORT ""
| #define PACKAGE_URL ""
| #define PACKAGE "stage"
| #define VERSION "2.0.0a-amr10"
| #define STDC_HEADERS 1
| #define HAVE_SYS_TYPES_H 1
| #define HAVE_SYS_STAT_H 1
| #define HAVE_STDLIB_H 1
| #define HAVE_STRING_H 1
| #define HAVE_MEMORY_H 1
| #define HAVE_STRINGS_H 1
| #define HAVE_INTTYPES_H 1
| #define HAVE_STDINT_H 1
| #define HAVE_UNISTD_H 1
| #define HAVE_STDINT_H 1
| #define HAVE_STRINGS_H 1
| #define HAVE_SYS_TIME_H 1
| #define HAVE_SYS_TIMEB_H 1
| #define HAVE_STDLIB_H 1
| #define HAVE_TIME_H 1
| #define HAVE_USLEEP 1
| #define HAVE_GETTIMEOFDAY 1
| #define HAVE_SRAND48 1
| #define HAVE_DRAND48 1
| #define HAVE_RINDEX 1
| /* end confdefs.h.  */
| /* Define Sleep to an innocuous variant, in case <limits.h> declares Sleep.
|    For example, HP-UX 11i <limits.h> declares gettimeofday.  */
| #define Sleep innocuous_Sleep
| 
| /* System header to define __stub macros and hopefully few prototypes,
|     which can conflict with char Sleep (); below.
|     Prefer <limits.h> to <assert.h> if __STDC__ is defined, since
|     <limits.h> exists even on freestanding compilers.  */
| 
| #ifdef __STDC__
| # include <limits.h>
| #else
| # include <assert.h>
| #endif
| 
| #undef Sleep
| 
| /* Override any GCC internal prototype to avoid an error.
|    Use char because int might match the return type of a GCC
|    builtin and then its argument prototype would still apply.  */
| #ifdef __cplusplus
| extern "C"
| #endif
| char Sleep ();
| /* The GNU C library defines this for functions which it implements
|     to always fail with ENOSYS.  Some functions are actually named
|     something starting with __ and the normal name is an alias.  */
| #if defined __stub_Sleep || defined __stub___Sleep
| choke me
| #endif
| 
| int
| main ()
| {
| return Sleep ();
|   ;
|   return 0;
| }
configure:5082: result: no
configure:5088: checking for Sleep in -lkernel32
configure:5113: gcc -o conftest -g -O2  -I/usr/local/include  -L/usr/local/lib conftest.c -lkernel32   >&5
/usr/bin/ld: cannot find -lkernel32
collect2: error: ld returned 1 exit status
configure:5113: $? = 1
configure: failed program was:
| /* confdefs.h */
| #define PACKAGE_NAME "stage"
| #define PACKAGE_TARNAME "stage"
| #define PACKAGE_VERSION "2.0.0a-amr12"
| #define PACKAGE_STRING "stage 2.0.0a-amr12"
| #define PACKAGE_BUGREPORT ""
| #define PACKAGE_URL ""
| #define PACKAGE "stage"
| #define VERSION "2.0.0a-amr10"
| #define STDC_HEADERS 1
| #define HAVE_SYS_TYPES_H 1
| #define HAVE_SYS_STAT_H 1
| #define HAVE_STDLIB_H 1
| #define HAVE_STRING_H 1
| #define HAVE_MEMORY_H 1
| #define HAVE_STRINGS_H 1
| #define HAVE_INTTYPES_H 1
| #define HAVE_STDINT_H 1
| #define HAVE_UNISTD_H 1
| #define HAVE_STDINT_H 1
| #define HAVE_STRINGS_H 1
| #define HAVE_SYS_TIME_H 1
| #define HAVE_SYS_TIMEB_H 1
| #define HAVE_STDLIB_H 1
| #define HAVE_TIME_H 1
| #define HAVE_USLEEP 1
| #define HAVE_GETTIMEOFDAY 1
| #define HAVE_SRAND48 1
| #define HAVE_DRAND48 1
| #define HAVE_RINDEX 1
| /* end confdefs.h.  */
| 
| /* Override any GCC internal prototype to avoid an error.
|    Use char because int might match the return type of a GCC
|    builtin and then its argument prototype would still apply.  */
| #ifdef __cplusplus
| extern "C"
| #endif
| char Sleep ();
| int
| main ()
| {
| return Sleep ();
|   ;
|   return 0;
| }
configure:5122: result: no
configure:5135: checking for library containing sincos
configure:5166: gcc -o conftest -g -O2  -I/usr/local/include  -L/usr/local/lib conftest.c  >&5
conftest.c:39:6: warning: conflicting types for built-in function 'sincos'
 char sincos ();
      ^
/tmp/ccT9utv3.o: In function `main':
/home/robots/Software/MobileSim-master/stage/conftest.c:43: undefined reference to `sincos'
collect2: error: ld returned 1 exit status
configure:5166: $? = 1
configure: failed program was:
| /* confdefs.h */
| #define PACKAGE_NAME "stage"
| #define PACKAGE_TARNAME "stage"
| #define PACKAGE_VERSION "2.0.0a-amr12"
| #define PACKAGE_STRING "stage 2.0.0a-amr12"
| #define PACKAGE_BUGREPORT ""
| #define PACKAGE_URL ""
| #define PACKAGE "stage"
| #define VERSION "2.0.0a-amr10"
| #define STDC_HEADERS 1
| #define HAVE_SYS_TYPES_H 1
| #define HAVE_SYS_STAT_H 1
| #define HAVE_STDLIB_H 1
| #define HAVE_STRING_H 1
| #define HAVE_MEMORY_H 1
| #define HAVE_STRINGS_H 1
| #define HAVE_INTTYPES_H 1
| #define HAVE_STDINT_H 1
| #define HAVE_UNISTD_H 1
| #define HAVE_STDINT_H 1
| #define HAVE_STRINGS_H 1
| #define HAVE_SYS_TIME_H 1
| #define HAVE_SYS_TIMEB_H 1
| #define HAVE_STDLIB_H 1
| #define HAVE_TIME_H 1
| #define HAVE_USLEEP 1
| #define HAVE_GETTIMEOFDAY 1
| #define HAVE_SRAND48 1
| #define HAVE_DRAND48 1
| #define HAVE_RINDEX 1
| /* end confdefs.h.  */
| 
| /* Override any GCC internal prototype to avoid an error.
|    Use char because int might match the return type of a GCC
|    builtin and then its argument prototype would still apply.  */
| #ifdef __cplusplus
| extern "C"
| #endif
| char sincos ();
| int
| main ()
| {
| return sincos ();
|   ;
|   return 0;
| }
configure:5166: gcc -o conftest -g -O2  -I/usr/local/include  -L/usr/local/lib conftest.c -lm   >&5
conftest.c:39:6: warning: conflicting types for built-in function 'sincos'
 char sincos ();
      ^
configure:5166: $? = 0
configure:5183: result: -lm
configure:5195: checking for library containing clock_gettime
configure:5226: gcc -o conftest -g -O2  -I/usr/local/include  -L/usr/local/lib conftest.c -lm  >&5
configure:5226: $? = 0
configure:5243: result: none required
configure:5258: checking For timeGetTime in -lwinmm
configure:5274: gcc -o conftest -g -O2  -I/usr/local/include  -L/usr/local/lib conftest.c -lwinmm -lm  >&5
conftest.c:34:20: fatal error: windef.h: No such file or directory
compilation terminated.
configure:5274: $? = 1
configure: failed program was:
| /* confdefs.h */
| #define PACKAGE_NAME "stage"
| #define PACKAGE_TARNAME "stage"
| #define PACKAGE_VERSION "2.0.0a-amr12"
| #define PACKAGE_STRING "stage 2.0.0a-amr12"
| #define PACKAGE_BUGREPORT ""
| #define PACKAGE_URL ""
| #define PACKAGE "stage"
| #define VERSION "2.0.0a-amr10"
| #define STDC_HEADERS 1
| #define HAVE_SYS_TYPES_H 1
| #define HAVE_SYS_STAT_H 1
| #define HAVE_STDLIB_H 1
| #define HAVE_STRING_H 1
| #define HAVE_MEMORY_H 1
| #define HAVE_STRINGS_H 1
| #define HAVE_INTTYPES_H 1
| #define HAVE_STDINT_H 1
| #define HAVE_UNISTD_H 1
| #define HAVE_STDINT_H 1
| #define HAVE_STRINGS_H 1
| #define HAVE_SYS_TIME_H 1
| #define HAVE_SYS_TIMEB_H 1
| #define HAVE_STDLIB_H 1
| #define HAVE_TIME_H 1
| #define HAVE_USLEEP 1
| #define HAVE_GETTIMEOFDAY 1
| #define HAVE_SRAND48 1
| #define HAVE_DRAND48 1
| #define HAVE_RINDEX 1
| #define HAVE_SINCOS 1
| #define HAVE_CLOCK_GETTIME 1
| /* end confdefs.h.  */
| #include <windef.h>
|   #include <mmsystem.h>
| int
| main ()
| {
| timeGetTime();
|   ;
|   return 0;
| }
configure:5279: result: no
configure:5288: checking for dirname
configure:5288: gcc -o conftest -g -O2  -I/usr/local/include  -L/usr/local/lib conftest.c -lm  >&5
configure:5288: $? = 0
configure:5288: result: yes
configure:5301: checking for scandir
configure:5301: gcc -o conftest -g -O2  -I/usr/local/include  -L/usr/local/lib conftest.c -lm  >&5
configure:5301: $? = 0
configure:5301: result: yes
configure:5314: checking for basename
configure:5314: gcc -o conftest -g -O2  -I/usr/local/include  -L/usr/local/lib conftest.c -lm  >&5
configure:5314: $? = 0
configure:5314: result: yes
configure:5327: checking for usleep
configure:5327: result: yes
configure:5340: checking for gettimeofday
configure:5340: result: yes
configure:5353: checking for rindex
configure:5353: result: yes
configure:5368: checking for pid_t
configure:5368: gcc -c -g -O2  -I/usr/local/include conftest.c >&5
configure:5368: $? = 0
configure:5368: gcc -c -g -O2  -I/usr/local/include conftest.c >&5
conftest.c: In function 'main':
conftest.c:76:20: error: expected expression before ')' token
 if (sizeof ((pid_t)))
                    ^
configure:5368: $? = 1
configure: failed program was:
| /* confdefs.h */
| #define PACKAGE_NAME "stage"
| #define PACKAGE_TARNAME "stage"
| #define PACKAGE_VERSION "2.0.0a-amr12"
| #define PACKAGE_STRING "stage 2.0.0a-amr12"
| #define PACKAGE_BUGREPORT ""
| #define PACKAGE_URL ""
| #define PACKAGE "stage"
| #define VERSION "2.0.0a-amr10"
| #define STDC_HEADERS 1
| #define HAVE_SYS_TYPES_H 1
| #define HAVE_SYS_STAT_H 1
| #define HAVE_STDLIB_H 1
| #define HAVE_STRING_H 1
| #define HAVE_MEMORY_H 1
| #define HAVE_STRINGS_H 1
| #define HAVE_INTTYPES_H 1
| #define HAVE_STDINT_H 1
| #define HAVE_UNISTD_H 1
| #define HAVE_STDINT_H 1
| #define HAVE_STRINGS_H 1
| #define HAVE_SYS_TIME_H 1
| #define HAVE_SYS_TIMEB_H 1
| #define HAVE_STDLIB_H 1
| #define HAVE_TIME_H 1
| #define HAVE_USLEEP 1
| #define HAVE_GETTIMEOFDAY 1
| #define HAVE_SRAND48 1
| #define HAVE_DRAND48 1
| #define HAVE_RINDEX 1
| #define HAVE_SINCOS 1
| #define HAVE_CLOCK_GETTIME 1
| #define HAVE_DIRNAME 1
| #define HAVE_SCANDIR 1
| #define HAVE_BASENAME 1
| #define HAVE_USLEEP 1
| #define HAVE_GETTIMEOFDAY 1
| #define HAVE_RINDEX 1
| /* end confdefs.h.  */
| #include <stdio.h>
| #ifdef HAVE_SYS_TYPES_H
| # include <sys/types.h>
| #endif
| #ifdef HAVE_SYS_STAT_H
| # include <sys/stat.h>
| #endif
| #ifdef STDC_HEADERS
| # include <stdlib.h>
| # include <stddef.h>
| #else
| # ifdef HAVE_STDLIB_H
| #  include <stdlib.h>
| # endif
| #endif
| #ifdef HAVE_STRING_H
| # if !defined STDC_HEADERS && defined HAVE_MEMORY_H
| #  include <memory.h>
| # endif
| # include <string.h>
| #endif
| #ifdef HAVE_STRINGS_H
| # include <strings.h>
| #endif
| #ifdef HAVE_INTTYPES_H
| # include <inttypes.h>
| #endif
| #ifdef HAVE_STDINT_H
| # include <stdint.h>
| #endif
| #ifdef HAVE_UNISTD_H
| # include <unistd.h>
| #endif
| int
| main ()
| {
| if (sizeof ((pid_t)))
| 	    return 0;
|   ;
|   return 0;
| }
configure:5368: result: yes
configure:5382: checking for pkg-config
configure:5398: found /usr/bin/pkg-config
configure:5410: result: yes
configure:5478: checking for pkg-config
configure:5496: found /usr/bin/pkg-config
configure:5508: result: /usr/bin/pkg-config
configure:5533: checking pkg-config is at least version 0.9.0
configure:5536: result: yes
configure:5546: checking for GLIB
configure:5553: $PKG_CONFIG --exists --print-errors "glib-2.0"
configure:5556: $? = 0
configure:5570: $PKG_CONFIG --exists --print-errors "glib-2.0"
configure:5573: $? = 0
configure:5611: result: yes
configure:5624: checking for GTK
configure:5631: $PKG_CONFIG --exists --print-errors "gtk+-2.0 >= 2.0.2"
configure:5634: $? = 0
configure:5648: $PKG_CONFIG --exists --print-errors "gtk+-2.0 >= 2.0.2"
configure:5651: $? = 0
configure:5691: result: yes
configure:5702: checking for PLAYER
configure:5709: $PKG_CONFIG --exists --print-errors "player >= 1.6.5"
Package player was not found in the pkg-config search path.
Perhaps you should add the directory containing `player.pc'
to the PKG_CONFIG_PATH environment variable
No package 'player' found
configure:5712: $? = 1
configure:5726: $PKG_CONFIG --exists --print-errors "player >= 1.6.5"
Package player was not found in the pkg-config search path.
Perhaps you should add the directory containing `player.pc'
to the PKG_CONFIG_PATH environment variable
No package 'player' found
configure:5729: $? = 1
configure:5743: result: no
No package 'player' found
configure:5760: WARNING: Player was not found -- Player plugin will not be built 
configure:5790: checking for PLAYERC
configure:5797: $PKG_CONFIG --exists --print-errors "libplayerc >= 1.6.5"
Package libplayerc was not found in the pkg-config search path.
Perhaps you should add the directory containing `libplayerc.pc'
to the PKG_CONFIG_PATH environment variable
No package 'libplayerc' found
configure:5800: $? = 1
configure:5814: $PKG_CONFIG --exists --print-errors "libplayerc >= 1.6.5"
Package libplayerc was not found in the pkg-config search path.
Perhaps you should add the directory containing `libplayerc.pc'
to the PKG_CONFIG_PATH environment variable
No package 'libplayerc' found
configure:5817: $? = 1
configure:5831: result: no
No package 'libplayerc' found
configure:5847: WARNING: libplayerc was not found. 
configure:5868: checking for /usr/X11R6/lib/X11/rgb.txt
configure:5881: result: no
configure:5886: checking for /usr/openwin/lib/X11/rgb.txt
configure:5899: result: no
configure:5904: WARNING: No X11 color database was found -- internal defaults will be used at runtime instead
configure:6022: WARNING: Gripper model disabled.
configure:6046: WARNING: Blobfinder model disabled.
configure:6070: WARNING: Fiducial model disabled.
configure:6087: WARNING: Save world command disabled.
configure:6103: WARNING: Reload world command disabled.
configure:6135: WARNING: Gridline index labels disabled
configure:6423: checking that generated files are newer than configure
configure:6429: result: done
configure:6476: creating ./config.status

## ---------------------- ##
## Running config.status. ##
## ---------------------- ##

This file was extended by stage config.status 2.0.0a-amr12, which was
generated by GNU Autoconf 2.69.  Invocation command line was

  CONFIG_FILES    = 
  CONFIG_HEADERS  = 
  CONFIG_LINKS    = 
  CONFIG_COMMANDS = 
  $ ./config.status 

on robotic1

config.status:928: creating Makefile
config.status:928: creating src/Makefile
config.status:928: creating worlds/Makefile
config.status:928: creating worlds/bitmaps/Makefile
config.status:928: creating replace/Makefile
config.status:928: creating tests/Makefile
config.status:928: creating stage.pc
config.status:928: creating doxygen.conf
config.status:928: creating src/config.h
config.status:1109: src/config.h is unchanged
config.status:1157: executing depfiles commands
configure:7795: WARNING: unrecognized options: --disable-shared, --enable-static
configure:7800: result: 
configure:7802: result: *************************************************************
configure:7804: result: 
configure:7806: result: Stage will be built for a x86_64-pc-linux-gnu system, with the following tools and options:
configure:7808: result:   C   compiler: gcc -g -O2 -g -O2 -ffunction-sections -fdata-sections
configure:7810: result:   C++ compiler: g++ -g -O2 -g -O2 -ffunction-sections -fdata-sections
configure:7812: result: 
configure:7815: result: Stage will be installed in:
configure:7817: result:     /usr/local/
configure:7819: result: 
configure:7821: result: To see the configuration options, do:
configure:7823: result:     ./configure --help
configure:7825: result: 
configure:7827: result: When you're satisfied with the configuration, type 'make install'. 
configure:7829: result: 

## ---------------- ##
## Cache variables. ##
## ---------------- ##

ac_cv_build=x86_64-pc-linux-gnu
ac_cv_c_compiler_gnu=yes
ac_cv_cxx_compiler_gnu=yes
ac_cv_env_CCC_set=
ac_cv_env_CCC_value=
ac_cv_env_CC_set=
ac_cv_env_CC_value=
ac_cv_env_CFLAGS_set=
ac_cv_env_CFLAGS_value=
ac_cv_env_CPPFLAGS_set=
ac_cv_env_CPPFLAGS_value=
ac_cv_env_CPP_set=
ac_cv_env_CPP_value=
ac_cv_env_CXXFLAGS_set=
ac_cv_env_CXXFLAGS_value=
ac_cv_env_CXX_set=
ac_cv_env_CXX_value=
ac_cv_env_GLIB_CFLAGS_set=
ac_cv_env_GLIB_CFLAGS_value=
ac_cv_env_GLIB_LIBS_set=
ac_cv_env_GLIB_LIBS_value=
ac_cv_env_GTK_CFLAGS_set=
ac_cv_env_GTK_CFLAGS_value=
ac_cv_env_GTK_LIBS_set=
ac_cv_env_GTK_LIBS_value=
ac_cv_env_LDFLAGS_set=
ac_cv_env_LDFLAGS_value=
ac_cv_env_LIBS_set=
ac_cv_env_LIBS_value=
ac_cv_env_PKG_CONFIG_LIBDIR_set=
ac_cv_env_PKG_CONFIG_LIBDIR_value=
ac_cv_env_PKG_CONFIG_PATH_set=set
ac_cv_env_PKG_CONFIG_PATH_value=:/usr/local/lib/pkgconfig
ac_cv_env_PKG_CONFIG_set=
ac_cv_env_PKG_CONFIG_value=
ac_cv_env_PLAYERC_CFLAGS_set=
ac_cv_env_PLAYERC_CFLAGS_value=
ac_cv_env_PLAYERC_LIBS_set=
ac_cv_env_PLAYERC_LIBS_value=
ac_cv_env_PLAYER_CFLAGS_set=
ac_cv_env_PLAYER_CFLAGS_value=
ac_cv_env_PLAYER_LIBS_set=
ac_cv_env_PLAYER_LIBS_value=
ac_cv_env_build_alias_set=
ac_cv_env_build_alias_value=
ac_cv_env_host_alias_set=
ac_cv_env_host_alias_value=
ac_cv_env_target_alias_set=
ac_cv_env_target_alias_value=
ac_cv_file__usr_X11R6_lib_X11_rgb_txt=no
ac_cv_file__usr_openwin_lib_X11_rgb_txt=no
ac_cv_func_Sleep=no
ac_cv_func__ftime=no
ac_cv_func__sleep=no
ac_cv_func_basename=yes
ac_cv_func_dirname=yes
ac_cv_func_drand48=yes
ac_cv_func_gettimeofday=yes
ac_cv_func_rindex=yes
ac_cv_func_scandir=yes
ac_cv_func_srand48=yes
ac_cv_func_usleep=yes
ac_cv_header_inttypes_h=yes
ac_cv_header_memory_h=yes
ac_cv_header_stdc=yes
ac_cv_header_stdint_h=yes
ac_cv_header_stdlib_h=yes
ac_cv_header_string_h=yes
ac_cv_header_strings_h=yes
ac_cv_header_sys_stat_h=yes
ac_cv_header_sys_time_h=yes
ac_cv_header_sys_timeb_h=yes
ac_cv_header_sys_types_h=yes
ac_cv_header_time_h=yes
ac_cv_header_unistd_h=yes
ac_cv_host=x86_64-pc-linux-gnu
ac_cv_lib_kernel32_Sleep=no
ac_cv_objext=o
ac_cv_path_EGREP='/bin/grep -E'
ac_cv_path_GREP=/bin/grep
ac_cv_path_ac_pt_PKG_CONFIG=/usr/bin/pkg-config
ac_cv_path_install='/usr/bin/install -c'
ac_cv_path_mkdir=/bin/mkdir
ac_cv_prog_AWK=mawk
ac_cv_prog_CPP='gcc -E'
ac_cv_prog_ac_ct_CC=gcc
ac_cv_prog_ac_ct_CXX=g++
ac_cv_prog_ac_ct_RANLIB=ranlib
ac_cv_prog_cc_c89=
ac_cv_prog_cc_g=yes
ac_cv_prog_cxx_g=yes
ac_cv_prog_have_pkg_config=yes
ac_cv_prog_make_make_set=yes
ac_cv_search_clock_gettime='none required'
ac_cv_search_sincos=-lm
ac_cv_target=x86_64-pc-linux-gnu
ac_cv_type_pid_t=yes
am_cv_CC_dependencies_compiler_type=gcc3
am_cv_CXX_dependencies_compiler_type=gcc3
am_cv_make_support_nested_variables=yes
am_cv_prog_cc_c_o=yes
pkg_cv_GLIB_CFLAGS='-I/usr/include/glib-2.0 -I/usr/lib/x86_64-linux-gnu/glib-2.0/include'
pkg_cv_GLIB_LIBS=-lglib-2.0
pkg_cv_GTK_CFLAGS='-pthread -I/usr/include/gtk-2.0 -I/usr/lib/x86_64-linux-gnu/gtk-2.0/include -I/usr/include/gio-unix-2.0/ -I/usr/include/cairo -I/usr/include/pango-1.0 -I/usr/include/atk-1.0 -I/usr/include/cairo -I/usr/include/pixman-1 -I/usr/include/libpng12 -I/usr/include/gdk-pixbuf-2.0 -I/usr/include/libpng12 -I/usr/include/pango-1.0 -I/usr/include/harfbuzz -I/usr/include/pango-1.0 -I/usr/include/glib-2.0 -I/usr/lib/x86_64-linux-gnu/glib-2.0/include -I/usr/include/freetype2'
pkg_cv_GTK_LIBS='-lgtk-x11-2.0 -lgdk-x11-2.0 -lpangocairo-1.0 -latk-1.0 -lcairo -lgdk_pixbuf-2.0 -lgio-2.0 -lpangoft2-1.0 -lpango-1.0 -lgobject-2.0 -lglib-2.0 -lfontconfig -lfreetype'

## ----------------- ##
## Output variables. ##
## ----------------- ##

ACLOCAL='${SHELL} /home/robots/Software/MobileSim-master/stage/missing aclocal-1.15'
AMDEPBACKSLASH='\'
AMDEP_FALSE='#'
AMDEP_TRUE=''
AMTAR='$${TAR-tar}'
AM_BACKSLASH='\'
AM_DEFAULT_V='$(AM_DEFAULT_VERBOSITY)'
AM_DEFAULT_VERBOSITY='1'
AM_V='$(V)'
AUTOCONF='${SHELL} /home/robots/Software/MobileSim-master/stage/missing autoconf'
AUTOHEADER='${SHELL} /home/robots/Software/MobileSim-master/stage/missing autoheader'
AUTOMAKE='${SHELL} /home/robots/Software/MobileSim-master/stage/missing automake-1.15'
AWK='mawk'
BUILD_TESTS_FALSE='#'
BUILD_TESTS_TRUE=''
BUILD_WITH_BLOBFINDER_FALSE=''
BUILD_WITH_BLOBFINDER_TRUE='#'
BUILD_WITH_FIDUCIAL_FALSE=''
BUILD_WITH_FIDUCIAL_TRUE='#'
BUILD_WITH_GRIPPER_FALSE=''
BUILD_WITH_GRIPPER_TRUE='#'
CC='gcc'
CCDEPMODE='depmode=gcc3'
CFLAGS='-g -O2 -g -O2 -ffunction-sections -fdata-sections'
CPP='gcc -E'
CPPFLAGS=' -I/usr/local/include'
CXX='g++'
CXXDEPMODE='depmode=gcc3'
CXXFLAGS='-g -O2 -g -O2 -ffunction-sections -fdata-sections'
CYGPATH_W='echo'
DEFS='-DHAVE_CONFIG_H'
DEPDIR='.deps'
ECHO_C=''
ECHO_N='-n'
ECHO_T=''
EGREP='/bin/grep -E'
EXEEXT=''
GLIB_CFLAGS='-I/usr/include/glib-2.0 -I/usr/lib/x86_64-linux-gnu/glib-2.0/include'
GLIB_LIBS='-lglib-2.0'
GREP='/bin/grep'
GTK_CFLAGS='-pthread -I/usr/include/gtk-2.0 -I/usr/lib/x86_64-linux-gnu/gtk-2.0/include -I/usr/include/gio-unix-2.0/ -I/usr/include/cairo -I/usr/include/pango-1.0 -I/usr/include/atk-1.0 -I/usr/include/cairo -I/usr/include/pixman-1 -I/usr/include/libpng12 -I/usr/include/gdk-pixbuf-2.0 -I/usr/include/libpng12 -I/usr/include/pango-1.0 -I/usr/include/harfbuzz -I/usr/include/pango-1.0 -I/usr/include/glib-2.0 -I/usr/lib/x86_64-linux-gnu/glib-2.0/include -I/usr/include/freetype2'
GTK_LIBS='-lgtk-x11-2.0 -lgdk-x11-2.0 -lpangocairo-1.0 -latk-1.0 -lcairo -lgdk_pixbuf-2.0 -lgio-2.0 -lpangoft2-1.0 -lpango-1.0 -lgobject-2.0 -lglib-2.0 -lfontconfig -lfreetype'
HAVE_PLAYER_FALSE=''
HAVE_PLAYER_TRUE='#'
INSTALL_DATA='${INSTALL} -m 644'
INSTALL_PROGRAM='${INSTALL}'
INSTALL_SCRIPT='${INSTALL}'
INSTALL_STRIP_PROGRAM='$(install_sh) -c -s'
LDFLAGS=' -L/usr/local/lib'
LIBOBJS=''
LIBS='-lm '
LTLIBOBJS=''
MAKEINFO='${SHELL} /home/robots/Software/MobileSim-master/stage/missing makeinfo'
MKDIR_P='/bin/mkdir -p'
OBJEXT='o'
PACKAGE='stage'
PACKAGE_BUGREPORT=''
PACKAGE_NAME='stage'
PACKAGE_STRING='stage 2.0.0a-amr12'
PACKAGE_TARNAME='stage'
PACKAGE_URL=''
PACKAGE_VERSION='2.0.0a-amr12'
PATH_SEPARATOR=':'
PKG_CONFIG='/usr/bin/pkg-config'
PKG_CONFIG_LIBDIR=''
PKG_CONFIG_PATH='NONE/lib/pkgconfig:/usr/local/lib/pkgconfig::/usr/local/lib/pkgconfig:/usr/local/lib/pkgconfig'
PLAYERC_CFLAGS=''
PLAYERC_LIBS=''
PLAYER_CFLAGS=''
PLAYER_LIBS=''
RANLIB='ranlib'
SET_MAKE=''
SHELL='/bin/bash'
STRIP=''
VERSION='2.0.0a-amr10'
ac_ct_CC='gcc'
ac_ct_CXX='g++'
am__EXEEXT_FALSE=''
am__EXEEXT_TRUE='#'
am__fastdepCC_FALSE='#'
am__fastdepCC_TRUE=''
am__fastdepCXX_FALSE='#'
am__fastdepCXX_TRUE=''
am__include='include'
am__isrc=''
am__leading_dot='.'
am__nodep='_no'
am__quote=''
am__tar='$${TAR-tar} chof - "$$tardir"'
am__untar='$${TAR-tar} xf -'
bindir='${exec_prefix}/bin'
build='x86_64-pc-linux-gnu'
build_alias=''
build_cpu='x86_64'
build_os='linux-gnu'
build_vendor='pc'
datadir='${datarootdir}'
datarootdir='${prefix}/share'
docdir='${datarootdir}/doc/${PACKAGE_TARNAME}'
dvidir='${docdir}'
exec_prefix='${prefix}'
have_pkg_config='yes'
host='x86_64-pc-linux-gnu'
host_alias=''
host_cpu='x86_64'
host_os='linux-gnu'
host_vendor='pc'
htmldir='${docdir}'
includedir='${prefix}/include'
infodir='${datarootdir}/info'
install_sh='${SHELL} /home/robots/Software/MobileSim-master/stage/install-sh'
libdir='${exec_prefix}/lib'
libexecdir='${exec_prefix}/libexec'
localedir='${datarootdir}/locale'
localstatedir='${prefix}/var'
mandir='${datarootdir}/man'
mkdir_p='$(MKDIR_P)'
oldincludedir='/usr/include'
pdfdir='${docdir}'
prefix='/usr/local'
program_transform_name='s,x,x,'
psdir='${docdir}'
runstatedir='${localstatedir}/run'
sbindir='${exec_prefix}/sbin'
sharedstatedir='${prefix}/com'
sysconfdir='${prefix}/etc'
target='x86_64-pc-linux-gnu'
target_alias=''
target_cpu='x86_64'
target_os='linux-gnu'
target_vendor='pc'

## ----------- ##
## confdefs.h. ##
## ----------- ##

/* confdefs.h */
#define PACKAGE_NAME "stage"
#define PACKAGE_TARNAME "stage"
#define PACKAGE_VERSION "2.0.0a-amr12"
#define PACKAGE_STRING "stage 2.0.0a-amr12"
#define PACKAGE_BUGREPORT ""
#define PACKAGE_URL ""
#define PACKAGE "stage"
#define VERSION "2.0.0a-amr10"
#define STDC_HEADERS 1
#define HAVE_SYS_TYPES_H 1
#define HAVE_SYS_STAT_H 1
#define HAVE_STDLIB_H 1
#define HAVE_STRING_H 1
#define HAVE_MEMORY_H 1
#define HAVE_STRINGS_H 1
#define HAVE_INTTYPES_H 1
#define HAVE_STDINT_H 1
#define HAVE_UNISTD_H 1
#define HAVE_STDINT_H 1
#define HAVE_STRINGS_H 1
#define HAVE_SYS_TIME_H 1
#define HAVE_SYS_TIMEB_H 1
#define HAVE_STDLIB_H 1
#define HAVE_TIME_H 1
#define HAVE_USLEEP 1
#define HAVE_GETTIMEOFDAY 1
#define HAVE_SRAND48 1
#define HAVE_DRAND48 1
#define HAVE_RINDEX 1
#define HAVE_SINCOS 1
#define HAVE_CLOCK_GETTIME 1
#define HAVE_DIRNAME 1
#define HAVE_SCANDIR 1
#define HAVE_BASENAME 1
#define HAVE_USLEEP 1
#define HAVE_GETTIMEOFDAY 1
#define HAVE_RINDEX 1
#define INCLUDE_GTK 1
#define ENABLE_GRID_CONTROL 1
#define ENABLE_LASER_NOISE 1
#define ENABLE_RANGER_NOISE 1

configure: exit 0

## ---------------------- ##
## Running config.status. ##
## ---------------------- ##

This file was extended by stage config.status 2.0.0a-amr12, which was
generated by GNU Autoconf 2.69.  Invocation command line was

  CONFIG_FILES    = 
  CONFIG_HEADERS  = 
  CONFIG_LINKS    = 
  CONFIG_COMMANDS = 
  $ ./config.status 

on robotic1

config.status:928: creating Makefile
config.status:928: creating src/Makefile
config.status:928: creating worlds/Makefile
config.status:928: creating worlds/bitmaps/Makefile
config.status:928: creating replace/Makefile
config.status:928: creating tests/Makefile
config.status:928: creating stage.pc
config.status:928: creating doxygen.conf
config.status:928: creating src/config.h
config.status:1109: src/config.h is unchanged
config.status:1157: executing depfiles commands
